{"/Users/waresix/Documents/Demo-Vitest/vite-project/vitest/src/App.tsx": {"path":"/Users/waresix/Documents/Demo-Vitest/vite-project/vitest/src/App.tsx","all":false,"statementMap":{"0":{"start":{"line":1,"column":0},"end":{"line":1,"column":47}},"1":{"start":{"line":2,"column":0},"end":{"line":2,"column":18}},"2":{"start":{"line":3,"column":0},"end":{"line":3,"column":0}},"3":{"start":{"line":4,"column":0},"end":{"line":4,"column":16}},"4":{"start":{"line":5,"column":0},"end":{"line":5,"column":54}},"5":{"start":{"line":6,"column":0},"end":{"line":6,"column":0}},"6":{"start":{"line":7,"column":0},"end":{"line":7,"column":10}},"7":{"start":{"line":8,"column":0},"end":{"line":8,"column":25}},"8":{"start":{"line":9,"column":0},"end":{"line":9,"column":37}},"9":{"start":{"line":10,"column":0},"end":{"line":10,"column":34}},"10":{"start":{"line":11,"column":0},"end":{"line":11,"column":32}},"11":{"start":{"line":12,"column":0},"end":{"line":12,"column":11}},"12":{"start":{"line":13,"column":0},"end":{"line":13,"column":17}},"13":{"start":{"line":14,"column":0},"end":{"line":14,"column":25}},"14":{"start":{"line":15,"column":0},"end":{"line":15,"column":31}},"15":{"start":{"line":16,"column":0},"end":{"line":16,"column":11}},"16":{"start":{"line":17,"column":0},"end":{"line":17,"column":13}},"17":{"start":{"line":18,"column":0},"end":{"line":18,"column":19}},"18":{"start":{"line":19,"column":0},"end":{"line":19,"column":17}},"19":{"start":{"line":20,"column":0},"end":{"line":20,"column":25}},"20":{"start":{"line":21,"column":0},"end":{"line":21,"column":31}},"21":{"start":{"line":22,"column":0},"end":{"line":22,"column":11}},"22":{"start":{"line":23,"column":0},"end":{"line":23,"column":13}},"23":{"start":{"line":24,"column":0},"end":{"line":24,"column":19}},"24":{"start":{"line":25,"column":0},"end":{"line":25,"column":12}},"25":{"start":{"line":26,"column":0},"end":{"line":26,"column":11}},"26":{"start":{"line":27,"column":0},"end":{"line":27,"column":65}},"27":{"start":{"line":28,"column":0},"end":{"line":28,"column":12}},"28":{"start":{"line":29,"column":0},"end":{"line":29,"column":11}},"29":{"start":{"line":30,"column":0},"end":{"line":30,"column":12}},"30":{"start":{"line":31,"column":0},"end":{"line":31,"column":32}},"31":{"start":{"line":32,"column":0},"end":{"line":32,"column":38}},"32":{"start":{"line":33,"column":0},"end":{"line":33,"column":27}},"33":{"start":{"line":34,"column":0},"end":{"line":34,"column":37}},"34":{"start":{"line":35,"column":0},"end":{"line":35,"column":11}},"35":{"start":{"line":36,"column":0},"end":{"line":36,"column":23}},"36":{"start":{"line":37,"column":0},"end":{"line":37,"column":14}},"37":{"start":{"line":38,"column":0},"end":{"line":38,"column":17}},"38":{"start":{"line":39,"column":0},"end":{"line":39,"column":12}},"39":{"start":{"line":40,"column":0},"end":{"line":40,"column":32}},"40":{"start":{"line":41,"column":0},"end":{"line":41,"column":57}},"41":{"start":{"line":42,"column":0},"end":{"line":42,"column":27}},"42":{"start":{"line":43,"column":0},"end":{"line":43,"column":37}},"43":{"start":{"line":44,"column":0},"end":{"line":44,"column":11}},"44":{"start":{"line":45,"column":0},"end":{"line":45,"column":21}},"45":{"start":{"line":46,"column":0},"end":{"line":46,"column":14}},"46":{"start":{"line":47,"column":0},"end":{"line":47,"column":12}},"47":{"start":{"line":48,"column":0},"end":{"line":48,"column":15}},"48":{"start":{"line":49,"column":0},"end":{"line":49,"column":10}},"49":{"start":{"line":50,"column":0},"end":{"line":50,"column":3}},"50":{"start":{"line":51,"column":0},"end":{"line":51,"column":1}},"51":{"start":{"line":52,"column":0},"end":{"line":52,"column":0}},"52":{"start":{"line":53,"column":0},"end":{"line":53,"column":18}}},"s":{"0":1,"1":1,"2":1,"3":5,"4":5,"5":5,"6":5,"7":5,"8":5,"9":5,"10":5,"11":5,"12":5,"13":5,"14":5,"15":5,"16":5,"17":5,"18":5,"19":5,"20":5,"21":5,"22":5,"23":5,"24":5,"25":5,"26":5,"27":5,"28":5,"29":5,"30":5,"31":5,"32":5,"33":5,"34":5,"35":5,"36":5,"37":5,"38":5,"39":5,"40":5,"41":5,"42":5,"43":5,"44":5,"45":5,"46":5,"47":5,"48":5,"49":5,"50":5,"51":5,"52":1},"branchMap":{"0":{"type":"branch","line":4,"loc":{"start":{"line":4,"column":0},"end":{"line":53,"column":15}},"locations":[{"start":{"line":4,"column":0},"end":{"line":53,"column":15}}]}},"b":{"0":[5]},"fnMap":{"0":{"name":"App","decl":{"start":{"line":4,"column":0},"end":{"line":53,"column":15}},"loc":{"start":{"line":4,"column":0},"end":{"line":53,"column":15}},"line":4}},"f":{"0":5}}
,"/Users/waresix/Documents/Demo-Vitest/vite-project/vitest/src/components/HideAndShow.tsx": {"path":"/Users/waresix/Documents/Demo-Vitest/vite-project/vitest/src/components/HideAndShow.tsx","all":false,"statementMap":{"0":{"start":{"line":1,"column":0},"end":{"line":1,"column":40}},"1":{"start":{"line":2,"column":0},"end":{"line":2,"column":26}},"2":{"start":{"line":3,"column":0},"end":{"line":3,"column":0}},"3":{"start":{"line":4,"column":0},"end":{"line":4,"column":25}},"4":{"start":{"line":5,"column":0},"end":{"line":5,"column":18}},"5":{"start":{"line":6,"column":0},"end":{"line":6,"column":30}},"6":{"start":{"line":7,"column":0},"end":{"line":7,"column":1}},"7":{"start":{"line":8,"column":0},"end":{"line":8,"column":50}},"8":{"start":{"line":9,"column":0},"end":{"line":9,"column":0}},"9":{"start":{"line":10,"column":0},"end":{"line":10,"column":36}},"10":{"start":{"line":11,"column":0},"end":{"line":11,"column":44}},"11":{"start":{"line":12,"column":0},"end":{"line":12,"column":0}},"12":{"start":{"line":13,"column":0},"end":{"line":13,"column":36}},"13":{"start":{"line":14,"column":0},"end":{"line":14,"column":23}},"14":{"start":{"line":15,"column":0},"end":{"line":15,"column":5}},"15":{"start":{"line":16,"column":0},"end":{"line":16,"column":0}},"16":{"start":{"line":17,"column":0},"end":{"line":17,"column":12}},"17":{"start":{"line":18,"column":0},"end":{"line":18,"column":37}},"18":{"start":{"line":19,"column":0},"end":{"line":19,"column":47}},"19":{"start":{"line":20,"column":0},"end":{"line":20,"column":32}},"20":{"start":{"line":21,"column":0},"end":{"line":21,"column":96}},"21":{"start":{"line":22,"column":0},"end":{"line":22,"column":18}},"22":{"start":{"line":23,"column":0},"end":{"line":23,"column":22}},"23":{"start":{"line":24,"column":0},"end":{"line":24,"column":21}},"24":{"start":{"line":25,"column":0},"end":{"line":25,"column":30}},"25":{"start":{"line":26,"column":0},"end":{"line":26,"column":22}},"26":{"start":{"line":27,"column":0},"end":{"line":27,"column":14}},"27":{"start":{"line":28,"column":0},"end":{"line":28,"column":14}},"28":{"start":{"line":29,"column":0},"end":{"line":29,"column":6}},"29":{"start":{"line":30,"column":0},"end":{"line":30,"column":1}},"30":{"start":{"line":31,"column":0},"end":{"line":31,"column":0}},"31":{"start":{"line":32,"column":0},"end":{"line":32,"column":27}}},"s":{"0":1,"1":1,"2":1,"3":1,"4":1,"5":1,"6":1,"7":1,"8":6,"9":6,"10":6,"11":6,"12":6,"13":1,"14":1,"15":6,"16":6,"17":6,"18":6,"19":6,"20":6,"21":6,"22":6,"23":1,"24":6,"25":6,"26":6,"27":6,"28":6,"29":6,"30":1,"31":1},"branchMap":{"0":{"type":"branch","line":8,"loc":{"start":{"line":8,"column":21},"end":{"line":30,"column":1}},"locations":[{"start":{"line":8,"column":21},"end":{"line":30,"column":1}}]},"1":{"type":"branch","line":21,"loc":{"start":{"line":21,"column":61},"end":{"line":21,"column":80}},"locations":[{"start":{"line":21,"column":61},"end":{"line":21,"column":80}}]},"2":{"type":"branch","line":21,"loc":{"start":{"line":21,"column":68},"end":{"line":21,"column":96}},"locations":[{"start":{"line":21,"column":68},"end":{"line":21,"column":96}}]},"3":{"type":"branch","line":23,"loc":{"start":{"line":23,"column":13},"end":{"line":24,"column":21}},"locations":[{"start":{"line":23,"column":13},"end":{"line":24,"column":21}}]},"4":{"type":"branch","line":13,"loc":{"start":{"line":13,"column":29},"end":{"line":15,"column":5}},"locations":[{"start":{"line":13,"column":29},"end":{"line":15,"column":5}}]},"5":{"type":"branch","line":21,"loc":{"start":{"line":21,"column":33},"end":{"line":21,"column":60}},"locations":[{"start":{"line":21,"column":33},"end":{"line":21,"column":60}}]}},"b":{"0":[6],"1":[5],"2":[1],"3":[1],"4":[1],"5":[1]},"fnMap":{"0":{"name":"HideAndShow","decl":{"start":{"line":8,"column":21},"end":{"line":30,"column":1}},"loc":{"start":{"line":8,"column":21},"end":{"line":30,"column":1}},"line":8},"1":{"name":"onAccordionClick","decl":{"start":{"line":13,"column":29},"end":{"line":15,"column":5}},"loc":{"start":{"line":13,"column":29},"end":{"line":15,"column":5}},"line":13},"2":{"name":"onClick","decl":{"start":{"line":21,"column":33},"end":{"line":21,"column":60}},"loc":{"start":{"line":21,"column":33},"end":{"line":21,"column":60}},"line":21}},"f":{"0":6,"1":1,"2":1}}
,"/Users/waresix/Documents/Demo-Vitest/vite-project/vitest/src/hooks/useCounter.tsx": {"path":"/Users/waresix/Documents/Demo-Vitest/vite-project/vitest/src/hooks/useCounter.tsx","all":false,"statementMap":{"0":{"start":{"line":1,"column":0},"end":{"line":1,"column":45}},"1":{"start":{"line":2,"column":0},"end":{"line":2,"column":0}},"2":{"start":{"line":3,"column":0},"end":{"line":3,"column":33}},"3":{"start":{"line":4,"column":0},"end":{"line":4,"column":40}},"4":{"start":{"line":5,"column":0},"end":{"line":5,"column":64}},"5":{"start":{"line":6,"column":0},"end":{"line":6,"column":65}},"6":{"start":{"line":7,"column":0},"end":{"line":7,"column":41}},"7":{"start":{"line":8,"column":0},"end":{"line":8,"column":2}}},"s":{"0":1,"1":1,"2":1,"3":9,"4":9,"5":9,"6":9,"7":9},"branchMap":{"0":{"type":"branch","line":3,"loc":{"start":{"line":3,"column":26},"end":{"line":8,"column":2}},"locations":[{"start":{"line":3,"column":26},"end":{"line":8,"column":2}}]},"1":{"type":"branch","line":5,"loc":{"start":{"line":5,"column":32},"end":{"line":5,"column":47}},"locations":[{"start":{"line":5,"column":32},"end":{"line":5,"column":47}}]},"2":{"type":"branch","line":5,"loc":{"start":{"line":5,"column":47},"end":{"line":5,"column":59}},"locations":[{"start":{"line":5,"column":47},"end":{"line":5,"column":59}}]},"3":{"type":"branch","line":6,"loc":{"start":{"line":6,"column":32},"end":{"line":6,"column":48}},"locations":[{"start":{"line":6,"column":32},"end":{"line":6,"column":48}}]},"4":{"type":"branch","line":6,"loc":{"start":{"line":6,"column":48},"end":{"line":6,"column":60}},"locations":[{"start":{"line":6,"column":48},"end":{"line":6,"column":60}}]},"5":{"type":"branch","line":8,"loc":{"start":{"line":8,"column":1},"end":{"line":8,"column":2}},"locations":[{"start":{"line":8,"column":1},"end":{"line":8,"column":2}}]}},"b":{"0":[9],"1":[2],"2":[2],"3":[2],"4":[2],"5":[9]},"fnMap":{"0":{"name":"useCounter","decl":{"start":{"line":3,"column":26},"end":{"line":8,"column":2}},"loc":{"start":{"line":3,"column":26},"end":{"line":8,"column":2}},"line":3},"1":{"name":"get","decl":{"start":{"line":8,"column":1},"end":{"line":8,"column":2}},"loc":{"start":{"line":8,"column":1},"end":{"line":8,"column":2}},"line":8}},"f":{"0":9,"1":9}}
,"/Users/waresix/Documents/Demo-Vitest/vite-project/vitest/src/test/setup.ts": {"path":"/Users/waresix/Documents/Demo-Vitest/vite-project/vitest/src/test/setup.ts","all":false,"statementMap":{"0":{"start":{"line":1,"column":0},"end":{"line":1,"column":35}}},"s":{"0":1},"branchMap":{},"b":{},"fnMap":{},"f":{}}
,"/Users/waresix/Documents/Demo-Vitest/vite-project/vitest/src/utils/test-utils.tsx": {"path":"/Users/waresix/Documents/Demo-Vitest/vite-project/vitest/src/utils/test-utils.tsx","all":false,"statementMap":{"0":{"start":{"line":1,"column":0},"end":{"line":1,"column":57}},"1":{"start":{"line":2,"column":0},"end":{"line":2,"column":26}},"2":{"start":{"line":3,"column":0},"end":{"line":3,"column":35}},"3":{"start":{"line":4,"column":0},"end":{"line":4,"column":0}},"4":{"start":{"line":5,"column":0},"end":{"line":5,"column":17}},"5":{"start":{"line":6,"column":0},"end":{"line":6,"column":14}},"6":{"start":{"line":7,"column":0},"end":{"line":7,"column":3}},"7":{"start":{"line":8,"column":0},"end":{"line":8,"column":0}},"8":{"start":{"line":9,"column":0},"end":{"line":9,"column":64}},"9":{"start":{"line":10,"column":0},"end":{"line":10,"column":16}},"10":{"start":{"line":11,"column":0},"end":{"line":11,"column":42}},"11":{"start":{"line":12,"column":0},"end":{"line":12,"column":40}},"12":{"start":{"line":13,"column":0},"end":{"line":13,"column":15}},"13":{"start":{"line":14,"column":0},"end":{"line":14,"column":7}},"14":{"start":{"line":15,"column":0},"end":{"line":15,"column":2}},"15":{"start":{"line":16,"column":0},"end":{"line":16,"column":0}},"16":{"start":{"line":17,"column":0},"end":{"line":17,"column":39}},"17":{"start":{"line":18,"column":0},"end":{"line":18,"column":67}},"18":{"start":{"line":19,"column":0},"end":{"line":19,"column":0}},"19":{"start":{"line":20,"column":0},"end":{"line":20,"column":34}}},"s":{"0":1,"1":1,"2":1,"3":1,"4":1,"5":7,"6":7,"7":1,"8":1,"9":8,"10":8,"11":8,"12":8,"13":8,"14":8,"15":1,"16":1,"17":2,"18":1,"19":8},"branchMap":{"0":{"type":"branch","line":5,"loc":{"start":{"line":5,"column":10},"end":{"line":7,"column":3}},"locations":[{"start":{"line":5,"column":10},"end":{"line":7,"column":3}}]},"1":{"type":"branch","line":9,"loc":{"start":{"line":9,"column":22},"end":{"line":15,"column":2}},"locations":[{"start":{"line":9,"column":22},"end":{"line":15,"column":2}}]},"2":{"type":"branch","line":12,"loc":{"start":{"line":12,"column":14},"end":{"line":12,"column":40}},"locations":[{"start":{"line":12,"column":14},"end":{"line":12,"column":40}}]},"3":{"type":"branch","line":18,"loc":{"start":{"line":18,"column":0},"end":{"line":18,"column":67}},"locations":[{"start":{"line":18,"column":0},"end":{"line":18,"column":67}}]},"4":{"type":"branch","line":20,"loc":{"start":{"line":20,"column":0},"end":{"line":20,"column":34}},"locations":[{"start":{"line":20,"column":0},"end":{"line":20,"column":34}}]}},"b":{"0":[7],"1":[8],"2":[8],"3":[2],"4":[8]},"fnMap":{"0":{"name":"customRender","decl":{"start":{"line":9,"column":22},"end":{"line":15,"column":2}},"loc":{"start":{"line":9,"column":22},"end":{"line":15,"column":2}},"line":9},"1":{"name":"wrapper","decl":{"start":{"line":12,"column":14},"end":{"line":12,"column":40}},"loc":{"start":{"line":12,"column":14},"end":{"line":12,"column":40}},"line":12},"2":{"name":"get","decl":{"start":{"line":18,"column":0},"end":{"line":18,"column":67}},"loc":{"start":{"line":18,"column":0},"end":{"line":18,"column":67}},"line":18},"3":{"name":"get","decl":{"start":{"line":20,"column":0},"end":{"line":20,"column":34}},"loc":{"start":{"line":20,"column":0},"end":{"line":20,"column":34}},"line":20}},"f":{"0":8,"1":8,"2":2,"3":8}}
}
